2023-05-25 21:20:28,938 INFO  [restartedMain] com.prorental.carrental.CarRentalServiceApplication:Starting CarRentalServiceApplication using Java 17.0.7 with PID 26428 (C:\Users\yesil.MMSA\IdeaProjects\carRentalService\target\classes started by yesil in C:\Users\yesil.MMSA\IdeaProjects\carRentalService)
2023-05-25 21:20:28,957 INFO  [restartedMain] com.prorental.carrental.CarRentalServiceApplication:No active profile set, falling back to 1 default profile: "default"
2023-05-25 21:20:29,019 INFO  [restartedMain] org.springframework.boot.devtools.env.DevToolsPropertyDefaultsPostProcessor:Devtools property defaults active! Set 'spring.devtools.add-properties' to 'false' to disable
2023-05-25 21:20:29,019 INFO  [restartedMain] org.springframework.boot.devtools.env.DevToolsPropertyDefaultsPostProcessor:For additional web related logging consider setting the 'logging.level.web' property to 'DEBUG'
2023-05-25 21:20:29,907 INFO  [restartedMain] org.springframework.data.repository.config.RepositoryConfigurationDelegate:Bootstrapping Spring Data JPA repositories in DEFAULT mode.
2023-05-25 21:20:29,977 INFO  [restartedMain] org.springframework.data.repository.config.RepositoryConfigurationDelegate:Finished Spring Data repository scanning in 61 ms. Found 3 JPA repository interfaces.
2023-05-25 21:20:30,542 INFO  [restartedMain] org.springframework.boot.web.embedded.tomcat.TomcatWebServer:Tomcat initialized with port(s): 8080 (http)
2023-05-25 21:20:30,550 INFO  [restartedMain] org.apache.catalina.core.StandardService:Starting service [Tomcat]
2023-05-25 21:20:30,550 INFO  [restartedMain] org.apache.catalina.core.StandardEngine:Starting Servlet engine: [Apache Tomcat/10.1.8]
2023-05-25 21:20:30,606 INFO  [restartedMain] org.apache.catalina.core.ContainerBase.[Tomcat].[localhost].[/car-rental/api]:Initializing Spring embedded WebApplicationContext
2023-05-25 21:20:30,607 INFO  [restartedMain] org.springframework.boot.web.servlet.context.ServletWebServerApplicationContext:Root WebApplicationContext: initialization completed in 1588 ms
2023-05-25 21:20:30,747 INFO  [restartedMain] org.hibernate.jpa.internal.util.LogHelper:HHH000204: Processing PersistenceUnitInfo [name: default]
2023-05-25 21:20:30,806 INFO  [restartedMain] org.hibernate.Version:HHH000412: Hibernate ORM core version 6.1.7.Final
2023-05-25 21:20:31,064 INFO  [restartedMain] com.zaxxer.hikari.HikariDataSource:HikariPool-1 - Starting...
2023-05-25 21:20:31,254 INFO  [restartedMain] com.zaxxer.hikari.pool.HikariPool:HikariPool-1 - Added connection org.postgresql.jdbc.PgConnection@5102c51b
2023-05-25 21:20:31,257 INFO  [restartedMain] com.zaxxer.hikari.HikariDataSource:HikariPool-1 - Start completed.
2023-05-25 21:20:31,300 INFO  [restartedMain] SQL dialect:HHH000400: Using dialect: org.hibernate.dialect.PostgreSQLDialect
2023-05-25 21:20:32,319 INFO  [restartedMain] org.hibernate.engine.transaction.jta.platform.internal.JtaPlatformInitiator:HHH000490: Using JtaPlatform implementation: [org.hibernate.engine.transaction.jta.platform.internal.NoJtaPlatform]
2023-05-25 21:20:32,330 INFO  [restartedMain] org.springframework.orm.jpa.LocalContainerEntityManagerFactoryBean:Initialized JPA EntityManagerFactory for persistence unit 'default'
2023-05-25 21:20:32,615 WARN  [restartedMain] org.springframework.boot.autoconfigure.orm.jpa.JpaBaseConfiguration$JpaWebConfiguration:spring.jpa.open-in-view is enabled by default. Therefore, database queries may be performed during view rendering. Explicitly configure spring.jpa.open-in-view to disable this warning
2023-05-25 21:20:33,023 WARN  [restartedMain] org.springframework.boot.autoconfigure.security.servlet.UserDetailsServiceAutoConfiguration:

Using generated security password: ec8de4e1-3dc4-4685-8940-eac08efa7676

This generated password is for development use only. Your security configuration must be updated before running your application in production.

2023-05-25 21:20:33,130 INFO  [restartedMain] org.springframework.security.web.DefaultSecurityFilterChain:Will secure any request with [org.springframework.security.web.session.DisableEncodeUrlFilter@57968827, org.springframework.security.web.context.request.async.WebAsyncManagerIntegrationFilter@3cce8907, org.springframework.security.web.context.SecurityContextHolderFilter@6c6afc9a, org.springframework.security.web.header.HeaderWriterFilter@20188d02, org.springframework.security.web.csrf.CsrfFilter@64ad7d47, org.springframework.security.web.authentication.logout.LogoutFilter@249a5f30, org.springframework.security.web.authentication.UsernamePasswordAuthenticationFilter@1e2b0209, org.springframework.security.web.authentication.ui.DefaultLoginPageGeneratingFilter@18fe6d32, org.springframework.security.web.authentication.ui.DefaultLogoutPageGeneratingFilter@1841d12f, org.springframework.security.web.authentication.www.BasicAuthenticationFilter@5ff3ecb9, org.springframework.security.web.savedrequest.RequestCacheAwareFilter@6002eb31, org.springframework.security.web.servletapi.SecurityContextHolderAwareRequestFilter@2bab10ef, org.springframework.security.web.authentication.AnonymousAuthenticationFilter@7ca9a9f9, org.springframework.security.web.access.ExceptionTranslationFilter@29240f73, org.springframework.security.web.access.intercept.AuthorizationFilter@24572ba8]
2023-05-25 21:20:33,173 INFO  [restartedMain] org.springframework.boot.devtools.autoconfigure.OptionalLiveReloadServer:LiveReload server is running on port 35729
2023-05-25 21:20:33,208 INFO  [restartedMain] org.springframework.boot.web.embedded.tomcat.TomcatWebServer:Tomcat started on port(s): 8080 (http) with context path '/car-rental/api'
2023-05-25 21:20:33,220 INFO  [restartedMain] com.prorental.carrental.CarRentalServiceApplication:Started CarRentalServiceApplication in 4.855 seconds (process running for 6.001)
